<?xml version="1.0" encoding="UTF-8"?>
<!-- Generated by org.testng.reporters.JUnitXMLReporter -->
<testsuite hostname="CaoNhan-PC" name="Default test" tests="46" failures="0" timestamp="23 Jul 2016 02:47:39 GMT" time="1.301" errors="0">
  <testcase name="testConvertEntityToModel" time="0.027" classname="com.serp.service.StockRequisitionServiceTest"/>
  <testcase name="testConvertEntityToModelWithNullEntity" time="0.002" classname="com.serp.service.StockRequisitionServiceTest"/>
  <testcase name="testConvertModelToEntityWithNullModel" time="0.001" classname="com.serp.service.StockRequisitionServiceTest"/>
  <testcase name="testDeleteStockRequisitionById" time="0.003" classname="com.serp.service.StockRequisitionServiceTest"/>
  <testcase name="testDeleteStockRequisitionByIdNotExist" time="0.004" classname="com.serp.service.StockRequisitionServiceTest"/>
  <testcase name="testDeleteStockRequisitionDetailsById" time="0.001" classname="com.serp.service.StockRequisitionServiceTest"/>
  <testcase name="testDeleteStockRequisitionDetailsByIdNotExist" time="0.001" classname="com.serp.service.StockRequisitionServiceTest"/>
  <testcase name="testFindAllDetailEntity" time="0.001" classname="com.serp.service.StockRequisitionServiceTest"/>
  <testcase name="testFindAllDetailEntityWithFakeId" time="0.001" classname="com.serp.service.StockRequisitionServiceTest"/>
  <testcase name="testFindAllDetailsById" time="0.002" classname="com.serp.service.StockRequisitionServiceTest"/>
  <testcase name="testFindAllDetailsByIdNotExist" time="0.001" classname="com.serp.service.StockRequisitionServiceTest"/>
  <testcase name="testFindAllElementEntity" time="0.001" classname="com.serp.service.StockRequisitionServiceTest"/>
  <testcase name="testFindAllStockRequisitions" time="0.003" classname="com.serp.service.StockRequisitionServiceTest"/>
  <testcase name="testFindById" time="0.001" classname="com.serp.service.StockRequisitionServiceTest"/>
  <testcase name="testFindUnexistingId" time="0.0" classname="com.serp.service.StockRequisitionServiceTest"/>
  <testcase name="testGetDataFromLimitInventory" time="0.001" classname="com.serp.service.StockRequisitionServiceTest"/>
  <testcase name="testGetDataFromNullLimitInventory" time="0.0" classname="com.serp.service.StockRequisitionServiceTest"/>
  <testcase name="testSaveOrUpdateDetails" time="0.001" classname="com.serp.service.StockRequisitionServiceTest"/>
  <testcase name="testSaveOrUpdateNullDetails" time="0.001" classname="com.serp.service.StockRequisitionServiceTest"/>
  <testcase name="testSaveOrUpdateStockRequisitionNullException" time="0.002" classname="com.serp.service.StockRequisitionServiceTest"/>
  <testcase name="testSaveStockRequisition" time="0.002" classname="com.serp.service.StockRequisitionServiceTest"/>
  <testcase name="testUpdateStockRequisition" time="0.008" classname="com.serp.service.StockRequisitionServiceTest"/>
  <testcase name="testfindAllElementEntityNull" time="0.0" classname="com.serp.service.StockRequisitionServiceTest"/>
  <testcase name="testfindAllMaterialEntity" time="0.001" classname="com.serp.service.StockRequisitionServiceTest"/>
  <testcase name="testfindAllMaterialEntityNull" time="0.001" classname="com.serp.service.StockRequisitionServiceTest"/>
  <testcase name="testDeleteDetail" time="0.009" classname="com.serp.dao.StockRequisitionDAOTest"/>
  <testcase name="testDeleteDetailThrowException" time="0.003" classname="com.serp.dao.StockRequisitionDAOTest"/>
  <testcase name="testDeleteStockRequisitionById" time="0.002" classname="com.serp.dao.StockRequisitionDAOTest"/>
  <testcase name="testDeleteStockRequisitionByIdThrowException" time="0.004" classname="com.serp.dao.StockRequisitionDAOTest"/>
  <testcase name="testGetAllDetailsById" time="0.006" classname="com.serp.dao.StockRequisitionDAOTest"/>
  <testcase name="testGetAllDetailsByIdThrowException" time="0.004" classname="com.serp.dao.StockRequisitionDAOTest"/>
  <testcase name="testGetAllStockRequisitions" time="0.002" classname="com.serp.dao.StockRequisitionDAOTest"/>
  <testcase name="testGetAllStockRequisitionsThrowException" time="0.002" classname="com.serp.dao.StockRequisitionDAOTest"/>
  <testcase name="testGetDetailById" time="0.001" classname="com.serp.dao.StockRequisitionDAOTest"/>
  <testcase name="testGetDetailByIdReturnNull" time="0.002" classname="com.serp.dao.StockRequisitionDAOTest"/>
  <testcase name="testGetDetailByIdThrowException" time="0.002" classname="com.serp.dao.StockRequisitionDAOTest"/>
  <testcase name="testGetStockRequisitionById" time="0.004" classname="com.serp.dao.StockRequisitionDAOTest"/>
  <testcase name="testGetStockRequisitionByIdReturnNull" time="0.001" classname="com.serp.dao.StockRequisitionDAOTest"/>
  <testcase name="testGetStockRequisitionByIdThrowException" time="0.001" classname="com.serp.dao.StockRequisitionDAOTest"/>
  <testcase name="testSaveDetail" time="0.001" classname="com.serp.dao.StockRequisitionDAOTest"/>
  <testcase name="testSaveOrUpdateDetailThrowException" time="0.002" classname="com.serp.dao.StockRequisitionDAOTest"/>
  <testcase name="testSaveStockRequisition" time="0.001" classname="com.serp.dao.StockRequisitionDAOTest"/>
  <testcase name="testSaveStockRequisitionThrowException" time="0.001" classname="com.serp.dao.StockRequisitionDAOTest"/>
  <testcase name="testUpdateDetail" time="0.002" classname="com.serp.dao.StockRequisitionDAOTest"/>
  <testcase name="testUpdateStockRequisition" time="0.001" classname="com.serp.dao.StockRequisitionDAOTest"/>
  <testcase name="testUpdateStockRequisitionThrowException" time="0.002" classname="com.serp.dao.StockRequisitionDAOTest"/>
</testsuite> <!-- Default test -->
